<?xml version="1.0" encoding="UTF-8"?>
<!-- Generated by org.testng.reporters.JUnitReportReporter -->
<testsuite hostname="DESKTOP-504SMBR" failures="0" tests="1" name="demo.AssertTure" time="0.057" errors="0" timestamp="2023-04-26T23:39:49 EDT" skipped="0">
  <testcase classname="demo.AssertTure" name="verifyTextApplication" time="0.057"/>
  <system-out/>
</testsuite> <!-- demo.AssertTure -->
