<?xml version="1.0" encoding="UTF-8"?>
<!-- Generated by org.testng.reporters.JUnitReportReporter -->
<testsuite hostname="DESKTOP-504SMBR" failures="0" tests="1" name="testNGProgram.TitleVerification" time="0.104" errors="0" timestamp="2023-04-26T11:38:02 EDT" skipped="0">
  <testcase classname="testNGProgram.TitleVerification" name="titleVerification" time="0.104"/>
  <system-out/>
</testsuite> <!-- testNGProgram.TitleVerification -->
