<?xml version="1.0" encoding="UTF-8"?>
<!-- Generated by org.testng.reporters.JUnitReportReporter -->
<testsuite hostname="DESKTOP-504SMBR" failures="0" tests="1" name="demo.AssertFalse" time="0.042" errors="0" timestamp="2023-04-27T00:00:07 EDT" skipped="0">
  <testcase classname="demo.AssertFalse" name="VerifyEnableButton" time="0.042"/>
  <system-out/>
</testsuite> <!-- demo.AssertFalse -->
